<?xml version="1.0" encoding="UTF-8"?>
<!-- Generated by org.testng.reporters.JUnitReportReporter -->
<testsuite hostname="WKWZTjA3JR7aEtk" failures="0" tests="1" name="concat.concatination" time="0.008" errors="0" timestamp="2022-11-30T08:03:51 IST" skipped="0">
  <testcase classname="concat.concatination" name="concat" time="0.008"/>
  <system-out/>
</testsuite> <!-- concat.concatination -->
